<?xml version="1.0" encoding="UTF-8"?>
<testsuite name="MergeKSortedList" tests="1" skipped="0" failures="0" errors="0" timestamp="2020-12-22T16:41:16" hostname="leeeyui-MacBookPro.local" time="0.034">
  <properties/>
  <testcase name="test()" classname="MergeKSortedList" time="0.034"/>
  <system-out><![CDATA[Node{val=1, next=Node{val=2, next=null}}
result : Node{val=1, next=Node{val=1, next=Node{val=2, next=Node{val=3, next=Node{val=4, next=Node{val=4, next=Node{val=5, next=Node{val=6, next=null}}}}}}}}
]]></system-out>
  <system-err><![CDATA[]]></system-err>
</testsuite>
